Release 14.5 Map P.58f (nt64)
Xilinx Mapping Report File for Design 'pong_top'

Design Information
------------------
Command Line   : map -intstyle ise -p xc3s100e-cp132-5 -cm area -ir off -pr off
-c 100 -o pong_top_map.ncd pong_top.ngd pong_top.pcf 
Target Device  : xc3s100e
Target Package : cp132
Target Speed   : -5
Mapper Version : spartan3e -- $Revision: 1.55 $
Mapped Date    : Fri Dec 18 11:35:18 2020

Design Summary
--------------
Number of errors:      0
Number of warnings:    2
Logic Utilization:
  Total Number Slice Registers:         158 out of   1,920    8%
    Number used as Flip Flops:          154
    Number used as Latches:               4
  Number of 4 input LUTs:             1,301 out of   1,920   67%
Logic Distribution:
  Number of occupied Slices:            706 out of     960   73%
    Number of Slices containing only related logic:     706 out of     706 100%
    Number of Slices containing unrelated logic:          0 out of     706   0%
      *See NOTES below for an explanation of the effects of unrelated logic.
  Total Number of 4 input LUTs:       1,353 out of   1,920   70%
    Number used as logic:             1,301
    Number used as a route-thru:         52

  The Slice Logic Distribution report is not meaningful if the design is
  over-mapped for a non-slice resource or if Placement fails.

  Number of bonded IOBs:                 20 out of      83   24%
  Number of RAMB16s:                      1 out of       4   25%
  Number of BUFGMUXs:                     2 out of      24    8%
  Number of DCMs:                         1 out of       2   50%

Average Fanout of Non-Clock Nets:                3.72

Peak Memory Usage:  4422 MB
Total REAL time to MAP completion:  1 secs 
Total CPU time to MAP completion:   1 secs 

NOTES:

   Related logic is defined as being logic that shares connectivity - e.g. two
   LUTs are "related" if they share common inputs.  When assembling slices,
   Map gives priority to combine logic that is related.  Doing so results in
   the best timing performance.

   Unrelated logic shares no connectivity.  Map will only begin packing
   unrelated logic into a slice once 99% of the slices are occupied through
   related logic packing.

   Note that once logic distribution reaches the 99% level through related
   logic packing, this does not mean the device is completely utilized.
   Unrelated logic packing will then begin, continuing until all usable LUTs
   and FFs are occupied.  Depending on your timing budget, increased levels of
   unrelated logic packing may adversely affect the overall timing performance
   of your design.

Table of Contents
-----------------
Section 1 - Errors
Section 2 - Warnings
Section 3 - Informational
Section 4 - Removed Logic Summary
Section 5 - Removed Logic
Section 6 - IOB Properties
Section 7 - RPMs
Section 8 - Guide Report
Section 9 - Area Group and Partition Summary
Section 10 - Timing Report
Section 11 - Configuration String Information
Section 12 - Control Set Information
Section 13 - Utilization by Hierarchy

Section 1 - Errors
------------------

Section 2 - Warnings
--------------------
WARNING:Pack:266 - The function generator graph_unit/Mmux_Glove_P2L_rom_bit_10
   failed to merge with F5 multiplexer graph_unit/Mmux_Glove_P2L_rom_bit_9_f5_0.
    There is a conflict for the FXMUX.  The design will exhibit suboptimal
   timing.
WARNING:Pack:266 - The function generator graph_unit/Mmux_Glove_PlR_rom_bit_10
   failed to merge with F5 multiplexer graph_unit/Glove_P1L_rom_col<3>_9_f51. 
   There is a conflict for the FXMUX.  The design will exhibit suboptimal
   timing.

Section 3 - Informational
-------------------------
INFO:MapLib:562 - No environment variables are currently set.

Section 4 - Removed Logic Summary
---------------------------------
   4 block(s) optimized away

Section 5 - Removed Logic
-------------------------

Optimized Block(s):
TYPE 		BLOCK
GND 		XST_GND
VCC 		XST_VCC
MUXCY 		graph_unit/Madd_ball_x_reg_addsub0000_cy<0>
MUXCY 		graph_unit/Madd_ball_y_reg_addsub0000_cy<0>

To enable printing of redundant blocks removed and signals merged, set the
detailed map report option and rerun map.

Section 6 - IOB Properties
--------------------------

+---------------------------------------------------------------------------------------------------------------------------------------------------------+
| IOB Name                           | Type             | Direction | IO Standard          | Diff  | Drive    | Slew | Reg (s)      | Resistor | IOB      |
|                                    |                  |           |                      | Term  | Strength | Rate |              |          | Delay    |
+---------------------------------------------------------------------------------------------------------------------------------------------------------+
| btn<0>                             | IBUF             | INPUT     | LVCMOS25             |       |          |      |              |          | 0 / 0    |
| btn<1>                             | IBUF             | INPUT     | LVCMOS25             |       |          |      |              |          | 0 / 0    |
| clock                              | IBUF             | INPUT     | LVCMOS25             |       |          |      |              |          | 0 / 0    |
| hsync                              | IOB              | OUTPUT    | LVCMOS25             |       | 8        | FAST |              |          | 0 / 0    |
| led                                | IOB              | OUTPUT    | LVCMOS25             |       | 12       | SLOW |              |          | 0 / 0    |
| outblue<0>                         | IOB              | OUTPUT    | LVCMOS25             |       | 8        | FAST |              |          | 0 / 0    |
| outblue<1>                         | IOB              | OUTPUT    | LVCMOS25             |       | 8        | FAST |              |          | 0 / 0    |
| outgreen<0>                        | IOB              | OUTPUT    | LVCMOS25             |       | 8        | FAST |              |          | 0 / 0    |
| outgreen<1>                        | IOB              | OUTPUT    | LVCMOS25             |       | 8        | FAST |              |          | 0 / 0    |
| outgreen<2>                        | IOB              | OUTPUT    | LVCMOS25             |       | 8        | FAST |              |          | 0 / 0    |
| outred<0>                          | IOB              | OUTPUT    | LVCMOS25             |       | 8        | FAST |              |          | 0 / 0    |
| outred<1>                          | IOB              | OUTPUT    | LVCMOS25             |       | 8        | FAST |              |          | 0 / 0    |
| outred<2>                          | IOB              | OUTPUT    | LVCMOS25             |       | 8        | FAST |              |          | 0 / 0    |
| ps2c                               | IBUF             | INPUT     | LVCMOS25             |       |          |      |              | PULLUP   | 0 / 0    |
| ps2d                               | IBUF             | INPUT     | LVCMOS25             |       |          |      |              | PULLUP   | 0 / 0    |
| reset                              | IBUF             | INPUT     | LVCMOS25             |       |          |      |              |          | 0 / 0    |
| rgb<0>                             | IOB              | OUTPUT    | LVCMOS25             |       | 12       | SLOW |              |          | 0 / 0    |
| rgb<1>                             | IOB              | OUTPUT    | LVCMOS25             |       | 12       | SLOW |              |          | 0 / 0    |
| rgb<2>                             | IOB              | OUTPUT    | LVCMOS25             |       | 12       | SLOW |              |          | 0 / 0    |
| vsync                              | IOB              | OUTPUT    | LVCMOS25             |       | 8        | FAST |              |          | 0 / 0    |
+---------------------------------------------------------------------------------------------------------------------------------------------------------+

Section 7 - RPMs
----------------

Section 8 - Guide Report
------------------------
Guide not run on this design.

Section 9 - Area Group and Partition Summary
--------------------------------------------

Partition Implementation Status
-------------------------------

  No Partitions were found in this design.

-------------------------------

Area Group Information
----------------------

  No area groups were found in this design.

----------------------

Section 10 - Timing Report
--------------------------
This design was not run using timing mode.

Section 11 - Configuration String Details
-----------------------------------------
Use the "-detail" map option to print out Configuration Strings

Section 12 - Control Set Information
------------------------------------
No control set information for this architecture.

Section 13 - Utilization by Hierarchy
-------------------------------------
Use the "-detail" map option to print out the Utilization by Hierarchy section.
