Release 14.5 - xst P.58f (nt64)
Copyright (c) 1995-2012 Xilinx, Inc.  All rights reserved.
--> Parameter TMPDIR set to xst/projnav.tmp


Total REAL time to Xst completion: 0.00 secs
Total CPU time to Xst completion: 0.09 secs
 
--> Parameter xsthdpdir set to xst


Total REAL time to Xst completion: 0.00 secs
Total CPU time to Xst completion: 0.09 secs
 
--> Reading design: pong_top.prj

TABLE OF CONTENTS
  1) Synthesis Options Summary
  2) HDL Compilation
  3) Design Hierarchy Analysis
  4) HDL Analysis
  5) HDL Synthesis
     5.1) HDL Synthesis Report
  6) Advanced HDL Synthesis
     6.1) Advanced HDL Synthesis Report
  7) Low Level Synthesis
  8) Partition Report
  9) Final Report
	9.1) Device utilization summary
	9.2) Partition Resource Summary
	9.3) TIMING REPORT


=========================================================================
*                      Synthesis Options Summary                        *
=========================================================================
---- Source Parameters
Input File Name                    : "pong_top.prj"
Input Format                       : mixed
Ignore Synthesis Constraint File   : NO

---- Target Parameters
Output File Name                   : "pong_top"
Output Format                      : NGC
Target Device                      : xc3s100e-5-cp132

---- Source Options
Top Module Name                    : pong_top
Automatic FSM Extraction           : YES
FSM Encoding Algorithm             : Auto
Safe Implementation                : No
FSM Style                          : LUT
RAM Extraction                     : Yes
RAM Style                          : Auto
ROM Extraction                     : Yes
Mux Style                          : Auto
Decoder Extraction                 : YES
Priority Encoder Extraction        : Yes
Shift Register Extraction          : YES
Logical Shifter Extraction         : YES
XOR Collapsing                     : YES
ROM Style                          : Auto
Mux Extraction                     : Yes
Resource Sharing                   : YES
Asynchronous To Synchronous        : NO
Multiplier Style                   : Auto
Automatic Register Balancing       : No

---- Target Options
Add IO Buffers                     : YES
Global Maximum Fanout              : 100000
Add Generic Clock Buffer(BUFG)     : 24
Register Duplication               : YES
Slice Packing                      : YES
Optimize Instantiated Primitives   : NO
Use Clock Enable                   : Yes
Use Synchronous Set                : Yes
Use Synchronous Reset              : Yes
Pack IO Registers into IOBs        : Auto
Equivalent register Removal        : YES

---- General Options
Optimization Goal                  : Speed
Optimization Effort                : 1
Keep Hierarchy                     : No
Netlist Hierarchy                  : As_Optimized
RTL Output                         : Yes
Global Optimization                : AllClockNets
Read Cores                         : YES
Write Timing Constraints           : NO
Cross Clock Analysis               : NO
Hierarchy Separator                : /
Bus Delimiter                      : <>
Case Specifier                     : Maintain
Slice Utilization Ratio            : 100
BRAM Utilization Ratio             : 100
Verilog 2001                       : YES
Auto BRAM Packing                  : NO
Slice Utilization Ratio Delta      : 5

=========================================================================


=========================================================================
*                          HDL Compilation                              *
=========================================================================
Compiling vhdl file "D:/EletronicaProgravavel/Projecto_BOX/EletronicaProgramavel/two_players/ps2_rx.vhd" in Library work.
Architecture arch of Entity ps2_rx is up to date.
Compiling vhdl file "D:/EletronicaProgravavel/pong_game_basys2/pong_game_basys2/list_ch13_01_font_rom.vhd" in Library work.
Architecture arch of Entity font_rom is up to date.
Compiling vhdl file "D:/EletronicaProgravavel/pong_game_basys2/pong_game_basys2/ClockManager.vhd" in Library work.
Architecture behavioral of Entity clockmanager is up to date.
Compiling vhdl file "D:/EletronicaProgravavel/pong_game_basys2/pong_game_basys2/list_ch12_01_vga_sync.vhd" in Library work.
Architecture arch of Entity vga_sync is up to date.
Compiling vhdl file "D:/EletronicaProgravavel/pong_game_basys2/pong_game_basys2/list_ch13_06_pong_text.vhd" in Library work.
Architecture arch of Entity pong_text is up to date.
Compiling vhdl file "D:/EletronicaProgravavel/Projecto_BOX/EletronicaProgramavel/two_players/kb_code.vhd" in Library work.
Architecture arch of Entity kb_code is up to date.
Compiling vhdl file "D:/EletronicaProgravavel/pong_game_basys2/pong_game_basys2/list_ch13_07_pong_graph.vhd" in Library work.
Architecture arch of Entity pong_graph is up to date.
Compiling vhdl file "D:/EletronicaProgravavel/pong_game_basys2/pong_game_basys2/list_ch13_09_pong_timer.vhd" in Library work.
Architecture arch of Entity timer is up to date.
Compiling vhdl file "D:/EletronicaProgravavel/pong_game_basys2/pong_game_basys2/list_ch13_08_pong_counter.vhd" in Library work.
Architecture arch of Entity m100_counter is up to date.
Compiling vhdl file "D:/EletronicaProgravavel/pong_game_basys2/pong_game_basys2/list_ch13_10_pong_top.vhd" in Library work.
Entity <pong_top> compiled.
Entity <pong_top> (Architecture <arch>) compiled.

=========================================================================
*                     Design Hierarchy Analysis                         *
=========================================================================
Analyzing hierarchy for entity <pong_top> in library <work> (architecture <arch>).

Analyzing hierarchy for entity <clockmanager> in library <work> (architecture <BEHAVIORAL>).

Analyzing hierarchy for entity <vga_sync> in library <work> (architecture <arch>).

Analyzing hierarchy for entity <pong_text> in library <work> (architecture <arch>).

Analyzing hierarchy for entity <kb_code> in library <work> (architecture <arch>).

Analyzing hierarchy for entity <pong_graph> in library <work> (architecture <arch>).

Analyzing hierarchy for entity <timer> in library <work> (architecture <arch>).

Analyzing hierarchy for entity <m100_counter> in library <work> (architecture <arch>).

Analyzing hierarchy for entity <font_rom> in library <work> (architecture <arch>).

Analyzing hierarchy for entity <ps2_rx> in library <work> (architecture <arch>).


=========================================================================
*                            HDL Analysis                               *
=========================================================================
Analyzing Entity <pong_top> in library <work> (Architecture <arch>).
Entity <pong_top> analyzed. Unit <pong_top> generated.

Analyzing Entity <clockmanager> in library <work> (Architecture <BEHAVIORAL>).
    Set user-defined property "CAPACITANCE =  DONT_CARE" for instance <CLKIN_IBUFG_INST> in unit <clockmanager>.
    Set user-defined property "IBUF_DELAY_VALUE =  0" for instance <CLKIN_IBUFG_INST> in unit <clockmanager>.
    Set user-defined property "IBUF_LOW_PWR =  TRUE" for instance <CLKIN_IBUFG_INST> in unit <clockmanager>.
    Set user-defined property "IOSTANDARD =  DEFAULT" for instance <CLKIN_IBUFG_INST> in unit <clockmanager>.
    Set user-defined property "CLKDV_DIVIDE =  2.0000000000000000" for instance <DCM_SP_INST> in unit <clockmanager>.
    Set user-defined property "CLKFX_DIVIDE =  1" for instance <DCM_SP_INST> in unit <clockmanager>.
    Set user-defined property "CLKFX_MULTIPLY =  4" for instance <DCM_SP_INST> in unit <clockmanager>.
    Set user-defined property "CLKIN_DIVIDE_BY_2 =  FALSE" for instance <DCM_SP_INST> in unit <clockmanager>.
    Set user-defined property "CLKIN_PERIOD =  40.0000000000000000" for instance <DCM_SP_INST> in unit <clockmanager>.
    Set user-defined property "CLKOUT_PHASE_SHIFT =  NONE" for instance <DCM_SP_INST> in unit <clockmanager>.
    Set user-defined property "CLK_FEEDBACK =  1X" for instance <DCM_SP_INST> in unit <clockmanager>.
    Set user-defined property "DESKEW_ADJUST =  SYSTEM_SYNCHRONOUS" for instance <DCM_SP_INST> in unit <clockmanager>.
    Set user-defined property "DFS_FREQUENCY_MODE =  LOW" for instance <DCM_SP_INST> in unit <clockmanager>.
    Set user-defined property "DLL_FREQUENCY_MODE =  LOW" for instance <DCM_SP_INST> in unit <clockmanager>.
    Set user-defined property "DSS_MODE =  NONE" for instance <DCM_SP_INST> in unit <clockmanager>.
    Set user-defined property "DUTY_CYCLE_CORRECTION =  TRUE" for instance <DCM_SP_INST> in unit <clockmanager>.
    Set user-defined property "FACTORY_JF =  C080" for instance <DCM_SP_INST> in unit <clockmanager>.
    Set user-defined property "PHASE_SHIFT =  0" for instance <DCM_SP_INST> in unit <clockmanager>.
    Set user-defined property "STARTUP_WAIT =  FALSE" for instance <DCM_SP_INST> in unit <clockmanager>.
Entity <clockmanager> analyzed. Unit <clockmanager> generated.

Analyzing Entity <vga_sync> in library <work> (Architecture <arch>).
Entity <vga_sync> analyzed. Unit <vga_sync> generated.

Analyzing Entity <pong_text> in library <work> (Architecture <arch>).
Entity <pong_text> analyzed. Unit <pong_text> generated.

Analyzing Entity <font_rom> in library <work> (Architecture <arch>).
Entity <font_rom> analyzed. Unit <font_rom> generated.

Analyzing Entity <kb_code> in library <work> (Architecture <arch>).
Entity <kb_code> analyzed. Unit <kb_code> generated.

Analyzing Entity <ps2_rx> in library <work> (Architecture <arch>).
Entity <ps2_rx> analyzed. Unit <ps2_rx> generated.

Analyzing Entity <pong_graph> in library <work> (Architecture <arch>).
WARNING:Xst:819 - "D:/EletronicaProgravavel/pong_game_basys2/pong_game_basys2/list_ch13_07_pong_graph.vhd" line 777: One or more signals are missing in the process sensitivity list. To enable synthesis of FPGA/CPLD hardware, XST will assume that all necessary signals are present in the sensitivity list. Please note that the result of the synthesis may differ from the initial design specification. The missing signals are:
   <Player1_rom_bit>, <Player2_rom_bit>, <Glove_P1L_rom_bit>, <Glove_PlR_rom_bit>, <Glove_P2L_rom_bit>, <Glove_P2R_rom_bit>
Entity <pong_graph> analyzed. Unit <pong_graph> generated.

Analyzing Entity <timer> in library <work> (Architecture <arch>).
Entity <timer> analyzed. Unit <timer> generated.

Analyzing Entity <m100_counter> in library <work> (Architecture <arch>).
Entity <m100_counter> analyzed. Unit <m100_counter> generated.


=========================================================================
*                           HDL Synthesis                               *
=========================================================================

Performing bidirectional port resolution...

Synthesizing Unit <vga_sync>.
    Related source file is "D:/EletronicaProgravavel/pong_game_basys2/pong_game_basys2/list_ch12_01_vga_sync.vhd".
    Found 10-bit up counter for signal <h_count_reg>.
    Found 10-bit comparator greatequal for signal <h_sync_next$cmp_ge0000> created at line 90.
    Found 10-bit comparator lessequal for signal <h_sync_next$cmp_le0000> created at line 90.
    Found 1-bit register for signal <h_sync_reg>.
    Found 1-bit register for signal <mod2_reg>.
    Found 10-bit up counter for signal <v_count_reg>.
    Found 10-bit comparator greatequal for signal <v_sync_next$cmp_ge0000> created at line 94.
    Found 10-bit comparator lessequal for signal <v_sync_next$cmp_le0000> created at line 94.
    Found 1-bit register for signal <v_sync_reg>.
    Found 10-bit comparator less for signal <video_on$cmp_lt0000> created at line 99.
    Found 10-bit comparator less for signal <video_on$cmp_lt0001> created at line 99.
    Summary:
	inferred   2 Counter(s).
	inferred   3 D-type flip-flop(s).
	inferred   6 Comparator(s).
Unit <vga_sync> synthesized.


Synthesizing Unit <pong_graph>.
    Related source file is "D:/EletronicaProgravavel/pong_game_basys2/pong_game_basys2/list_ch13_07_pong_graph.vhd".
WARNING:Xst:647 - Input <btn<1>> is never used. This port will be preserved and left unconnected if it belongs to a top-level block or it belongs to a sub-block and the hierarchy of this sub-block is preserved.
WARNING:Xst:1780 - Signal <rd_player1_on> is never used or assigned. This unconnected signal will be trimmed during the optimization process.
WARNING:Xst:1780 - Signal <glove_y_t> is never used or assigned. This unconnected signal will be trimmed during the optimization process.
WARNING:Xst:1780 - Signal <glove_y_reg> is never used or assigned. This unconnected signal will be trimmed during the optimization process.
WARNING:Xst:1780 - Signal <glove_y_next> is never used or assigned. This unconnected signal will be trimmed during the optimization process.
WARNING:Xst:1780 - Signal <glove_y_b> is never used or assigned. This unconnected signal will be trimmed during the optimization process.
WARNING:Xst:1780 - Signal <glove_x_reg> is never used or assigned. This unconnected signal will be trimmed during the optimization process.
WARNING:Xst:1780 - Signal <glove_x_r> is never used or assigned. This unconnected signal will be trimmed during the optimization process.
WARNING:Xst:1780 - Signal <glove_x_next> is never used or assigned. This unconnected signal will be trimmed during the optimization process.
WARNING:Xst:1780 - Signal <glove_x_l> is never used or assigned. This unconnected signal will be trimmed during the optimization process.
WARNING:Xst:1780 - Signal <glove_p2L_y_reg> is never used or assigned. This unconnected signal will be trimmed during the optimization process.
WARNING:Xst:1780 - Signal <glove_p2L_y_next> is never used or assigned. This unconnected signal will be trimmed during the optimization process.
WARNING:Xst:1780 - Signal <glove_p2L_x_reg> is never used or assigned. This unconnected signal will be trimmed during the optimization process.
WARNING:Xst:1780 - Signal <glove_p2L_x_next> is never used or assigned. This unconnected signal will be trimmed during the optimization process.
WARNING:Xst:1780 - Signal <glove_p1L_y_reg> is never used or assigned. This unconnected signal will be trimmed during the optimization process.
WARNING:Xst:1780 - Signal <glove_p1L_y_next> is never used or assigned. This unconnected signal will be trimmed during the optimization process.
WARNING:Xst:1780 - Signal <glove_p1L_x_reg> is never used or assigned. This unconnected signal will be trimmed during the optimization process.
WARNING:Xst:1780 - Signal <glove_p1L_x_next> is never used or assigned. This unconnected signal will be trimmed during the optimization process.
WARNING:Xst:1780 - Signal <glove_P2R_y_reg> is never used or assigned. This unconnected signal will be trimmed during the optimization process.
WARNING:Xst:1780 - Signal <glove_P2R_y_next> is never used or assigned. This unconnected signal will be trimmed during the optimization process.
WARNING:Xst:1780 - Signal <glove_P2R_x_reg> is never used or assigned. This unconnected signal will be trimmed during the optimization process.
WARNING:Xst:1780 - Signal <glove_P2R_x_next> is never used or assigned. This unconnected signal will be trimmed during the optimization process.
WARNING:Xst:1780 - Signal <glove_P1R_y_reg> is never used or assigned. This unconnected signal will be trimmed during the optimization process.
WARNING:Xst:1780 - Signal <glove_P1R_y_next> is never used or assigned. This unconnected signal will be trimmed during the optimization process.
WARNING:Xst:1780 - Signal <glove_P1R_x_reg> is never used or assigned. This unconnected signal will be trimmed during the optimization process.
WARNING:Xst:1780 - Signal <glove_P1R_x_next> is never used or assigned. This unconnected signal will be trimmed during the optimization process.
WARNING:Xst:1780 - Signal <Player2_rom_data> is never used or assigned. This unconnected signal will be trimmed during the optimization process.
WARNING:Xst:1780 - Signal <Player1_rom_data> is never used or assigned. This unconnected signal will be trimmed during the optimization process.
WARNING:Xst:1780 - Signal <Glove_P2R_rom_data> is never used or assigned. This unconnected signal will be trimmed during the optimization process.
WARNING:Xst:1780 - Signal <Glove_P2L_rom_data> is never used or assigned. This unconnected signal will be trimmed during the optimization process.
WARNING:Xst:1780 - Signal <Glove_P1R_rom_data> is never used or assigned. This unconnected signal will be trimmed during the optimization process.
WARNING:Xst:1780 - Signal <Glove_P1L_rom_data> is never used or assigned. This unconnected signal will be trimmed during the optimization process.
    Found 8x8-bit ROM for signal <rom_data>.
    Found 16x30-bit ROM for signal <not0005$rom0000>.
    Found 16x30-bit ROM for signal <Glove_P2L_rom_addr$rom0000>.
    Found 32x21-bit ROM for signal <not0001$rom0000>.
    Found 32x24-bit ROM for signal <not0000$rom0000>.
    Found 16x30-bit ROM for signal <not0003$rom0000>.
    Found 16x30-bit ROM for signal <Glove_PlR_rom_addr$rom0000>.
    Found 10-bit register for signal <ball_vx_reg>.
    Found 10-bit comparator less for signal <ball_vx_reg$cmp_gt0000> created at line 765.
    Found 10-bit comparator greater for signal <ball_vx_reg$cmp_gt0001> created at line 765.
    Found 10-bit comparator greater for signal <ball_vx_reg$cmp_gt0002> created at line 765.
    Found 10-bit comparator greater for signal <ball_vx_reg$cmp_gt0003> created at line 765.
    Found 10-bit comparator greater for signal <ball_vx_reg$cmp_gt0004> created at line 763.
    Found 10-bit register for signal <ball_vy_reg>.
    Found 10-bit subtractor for signal <ball_x_r>.
    Found 10-bit adder for signal <ball_x_r$addsub0000> created at line 484.
    Found 10-bit register for signal <ball_x_reg>.
    Found 10-bit adder for signal <ball_x_reg$addsub0000> created at line 739.
    Found 10-bit subtractor for signal <ball_y_b>.
    Found 10-bit adder for signal <ball_y_b$addsub0000> created at line 485.
    Found 10-bit register for signal <ball_y_reg>.
    Found 10-bit adder for signal <ball_y_reg$addsub0000> created at line 743.
    Found 10-bit comparator greatequal for signal <bar_on$cmp_le0000> created at line 457.
    Found 10-bit comparator lessequal for signal <bar_on$cmp_le0001> created at line 457.
    Found 10-bit comparator lessequal for signal <bar_on$cmp_le0002> created at line 457.
    Found 10-bit comparator lessequal for signal <bar_on$cmp_le0003> created at line 457.
    Found 10-bit subtractor for signal <bar_y_b>.
    Found 10-bit adder for signal <bar_y_b$addsub0000> created at line 456.
    Found 10-bit updown counter for signal <bar_y_reg>.
    Found 10-bit comparator greatequal for signal <bar_y_reg$cmp_ge0000> created at line 470.
    Found 10-bit comparator lessequal for signal <bar_y_reg$cmp_le0000> created at line 471.
    Found 10-bit comparator less for signal <bar_y_reg$cmp_lt0000> created at line 470.
    Found 10-bit comparator lessequal for signal <glove_L_P1L_on$cmp_le0000> created at line 622.
    Found 10-bit comparator lessequal for signal <glove_L_P1L_on$cmp_le0001> created at line 622.
    Found 10-bit comparator lessequal for signal <glove_L_P1L_on$cmp_le0002> created at line 622.
    Found 10-bit comparator lessequal for signal <glove_L_P1L_on$cmp_le0003> created at line 622.
    Found 10-bit comparator lessequal for signal <glove_L_P2_on$cmp_le0000> created at line 687.
    Found 10-bit comparator lessequal for signal <glove_L_P2_on$cmp_le0001> created at line 687.
    Found 10-bit comparator lessequal for signal <glove_L_P2_on$cmp_le0002> created at line 687.
    Found 10-bit comparator lessequal for signal <glove_L_P2_on$cmp_le0003> created at line 687.
    Found 10-bit comparator lessequal for signal <glove_L_PlR_on$cmp_le0000> created at line 655.
    Found 10-bit comparator lessequal for signal <glove_L_PlR_on$cmp_le0001> created at line 655.
    Found 10-bit comparator lessequal for signal <glove_L_PlR_on$cmp_le0002> created at line 655.
    Found 10-bit comparator lessequal for signal <glove_L_PlR_on$cmp_le0003> created at line 655.
    Found 3-bit 16-to-1 multiplexer for signal <Glove_P1L_rom_bit>.
    Found 4-bit subtractor for signal <Glove_P1L_rom_col>.
    Found 10-bit subtractor for signal <glove_p1L_x_r>.
    Found 10-bit adder for signal <glove_p1L_x_r$addsub0000> created at line 618.
    Found 10-bit subtractor for signal <glove_p1L_y_b>.
    Found 10-bit adder for signal <glove_p1L_y_b$addsub0000> created at line 619.
    Found 4-bit subtractor for signal <Glove_P2L_rom_addr>.
    Found 3-bit 16-to-1 multiplexer for signal <Glove_P2L_rom_bit>.
    Found 4-bit subtractor for signal <Glove_P2L_rom_col>.
    Found 10-bit subtractor for signal <glove_p2L_x_l>.
    Found 10-bit subtractor for signal <glove_p2L_x_r>.
    Found 10-bit adder for signal <glove_p2L_x_r$addsub0000> created at line 683.
    Found 10-bit subtractor for signal <glove_p2L_y_b>.
    Found 10-bit adder for signal <glove_p2L_y_b$addsub0000> created at line 684.
    Found 10-bit adder for signal <glove_p2L_y_t>.
    Found 3-bit 16-to-1 multiplexer for signal <Glove_P2R_rom_bit>.
    Found 10-bit subtractor for signal <glove_P2R_x_r>.
    Found 10-bit adder for signal <glove_P2R_x_r$addsub0000> created at line 704.
    Found 10-bit subtractor for signal <glove_P2R_y_b>.
    Found 10-bit adder for signal <glove_P2R_y_b$addsub0000> created at line 705.
    Found 4-bit subtractor for signal <Glove_PlR_rom_addr>.
    Found 3-bit 16-to-1 multiplexer for signal <Glove_PlR_rom_bit>.
    Found 10-bit adder for signal <glove_PlR_x_l$add0000> created at line 649.
    Found 10-bit subtractor for signal <glove_PlR_x_r>.
    Found 10-bit adder for signal <glove_PlR_x_r$addsub0000> created at line 651.
    Found 10-bit subtractor for signal <glove_PlR_y_b>.
    Found 10-bit adder for signal <glove_PlR_y_b$addsub0000> created at line 652.
    Found 10-bit adder for signal <glove_PlR_y_t>.
    Found 10-bit comparator lessequal for signal <glove_R_P2_on$cmp_le0000> created at line 707.
    Found 10-bit comparator lessequal for signal <glove_R_P2_on$cmp_le0001> created at line 707.
    Found 10-bit comparator lessequal for signal <glove_R_P2_on$cmp_le0002> created at line 707.
    Found 10-bit comparator lessequal for signal <glove_R_P2_on$cmp_le0003> created at line 707.
    Found 10-bit comparator greater for signal <miss$cmp_gt0000> created at line 761.
    Found 10-bit comparator greater for signal <miss$cmp_gt0001> created at line 770.
    Found 10-bit comparator lessequal for signal <miss$cmp_le0000> created at line 763.
    Found 10-bit comparator greatequal for signal <miss$cmp_le0001> created at line 765.
    Found 10-bit comparator lessequal for signal <miss$cmp_le0002> created at line 765.
    Found 10-bit comparator lessequal for signal <miss$cmp_le0003> created at line 765.
    Found 10-bit comparator lessequal for signal <miss$cmp_le0004> created at line 765.
    Found 10-bit comparator less for signal <miss$cmp_lt0000> created at line 759.
    Found 5-bit subtractor for signal <Player1_rom_addr>.
    Found 3-bit 16-to-1 multiplexer for signal <Player1_rom_bit>.
    Found 4-bit subtractor for signal <Player1_rom_col>.
    Found 10-bit subtractor for signal <player1_x_r>.
    Found 10-bit register for signal <player1_x_reg>.
    Found 10-bit addsub for signal <player1_x_reg$addsub0000>.
    Found 10-bit subtractor for signal <player1_y_b>.
    Found 10-bit adder for signal <player1_y_b$addsub0000> created at line 529.
    Found 10-bit register for signal <player1_y_reg>.
    Found 10-bit addsub for signal <player1_y_reg$addsub0000>.
    Found 5-bit subtractor for signal <Player2_rom_addr>.
    Found 3-bit 16-to-1 multiplexer for signal <Player2_rom_bit>.
    Found 4-bit subtractor for signal <Player2_rom_col>.
    Found 10-bit subtractor for signal <player2_x_r>.
    Found 10-bit adder for signal <player2_x_r$addsub0000> created at line 571.
    Found 10-bit register for signal <player2_x_reg>.
    Found 10-bit addsub for signal <player2_x_reg$addsub0000>.
    Found 10-bit subtractor for signal <player2_y_b>.
    Found 10-bit adder for signal <player2_y_b$addsub0000> created at line 572.
    Found 10-bit register for signal <player2_y_reg>.
    Found 10-bit addsub for signal <player2_y_reg$addsub0000>.
    Found 3-bit subtractor for signal <rom_addr>.
    Found 1-bit 8-to-1 multiplexer for signal <rom_bit>.
    Found 3-bit subtractor for signal <rom_col>.
    Found 10-bit comparator lessequal for signal <sq_ball_on$cmp_le0000> created at line 490.
    Found 10-bit comparator lessequal for signal <sq_ball_on$cmp_le0001> created at line 490.
    Found 10-bit comparator lessequal for signal <sq_ball_on$cmp_le0002> created at line 490.
    Found 10-bit comparator lessequal for signal <sq_ball_on$cmp_le0003> created at line 490.
    Found 10-bit comparator greatequal for signal <sq_ball_on$cmp_le0004> created at line 490.
    Found 10-bit comparator lessequal for signal <sq_ball_on$cmp_le0005> created at line 490.
    Found 10-bit comparator greatequal for signal <sq_ball_on$cmp_le0006> created at line 490.
    Found 10-bit comparator lessequal for signal <sq_ball_on$cmp_le0007> created at line 490.
    Found 10-bit comparator greatequal for signal <sq_ball_on$cmp_le0008> created at line 490.
    Found 10-bit comparator lessequal for signal <sq_ball_on$cmp_le0009> created at line 490.
    Found 10-bit comparator greatequal for signal <sq_ball_on$cmp_le0010> created at line 490.
    Found 10-bit comparator lessequal for signal <sq_ball_on$cmp_le0011> created at line 490.
    Found 10-bit comparator lessequal for signal <sq_player1_on$cmp_le0000> created at line 531.
    Found 10-bit comparator lessequal for signal <sq_player1_on$cmp_le0001> created at line 531.
    Found 10-bit comparator lessequal for signal <sq_player1_on$cmp_le0002> created at line 531.
    Found 10-bit comparator lessequal for signal <sq_player1_on$cmp_le0003> created at line 531.
    Found 10-bit comparator lessequal for signal <sq_player2_on$cmp_le0000> created at line 575.
    Found 10-bit comparator lessequal for signal <sq_player2_on$cmp_le0001> created at line 575.
    Found 10-bit comparator lessequal for signal <sq_player2_on$cmp_le0002> created at line 575.
    Found 10-bit comparator lessequal for signal <sq_player2_on$cmp_le0003> created at line 575.
    Found 10-bit comparator greatequal for signal <wall_on$cmp_le0000> created at line 441.
    Found 10-bit comparator lessequal for signal <wall_on$cmp_le0001> created at line 441.
    Found 10-bit comparator greatequal for signal <wall_on$cmp_le0002> created at line 441.
    Found 10-bit comparator lessequal for signal <wall_on$cmp_le0003> created at line 441.
    Found 10-bit comparator greatequal for signal <wall_on$cmp_le0004> created at line 441.
    Found 10-bit comparator lessequal for signal <wall_on$cmp_le0005> created at line 441.
    Found 10-bit comparator lessequal for signal <wall_on$cmp_le0006> created at line 441.
    Found 10-bit comparator greatequal for signal <wall_on$cmp_le0007> created at line 441.
    Summary:
	inferred   7 ROM(s).
	inferred   1 Counter(s).
	inferred  60 D-type flip-flop(s).
	inferred  49 Adder/Subtractor(s).
	inferred  64 Comparator(s).
	inferred  19 Multiplexer(s).
Unit <pong_graph> synthesized.


Synthesizing Unit <timer>.
    Related source file is "D:/EletronicaProgravavel/pong_game_basys2/pong_game_basys2/list_ch13_09_pong_timer.vhd".
    Found 7-bit down counter for signal <timer_reg>.
    Summary:
	inferred   1 Counter(s).
Unit <timer> synthesized.


Synthesizing Unit <m100_counter>.
    Related source file is "D:/EletronicaProgravavel/pong_game_basys2/pong_game_basys2/list_ch13_08_pong_counter.vhd".
    Found 4-bit register for signal <dig0_reg>.
    Found 4-bit adder for signal <dig0_reg$addsub0000> created at line 45.
    Found 4-bit register for signal <dig1_reg>.
    Found 4-bit adder for signal <dig1_reg$addsub0000> created at line 42.
    Summary:
	inferred   8 D-type flip-flop(s).
	inferred   2 Adder/Subtractor(s).
Unit <m100_counter> synthesized.


Synthesizing Unit <font_rom>.
    Related source file is "D:/EletronicaProgravavel/pong_game_basys2/pong_game_basys2/list_ch13_01_font_rom.vhd".
WARNING:Xst:647 - Input <reset> is never used. This port will be preserved and left unconnected if it belongs to a top-level block or it belongs to a sub-block and the hierarchy of this sub-block is preserved.
    Found 2048x8-bit ROM for signal <data$rom0000> created at line 2215.
    Found 11-bit register for signal <addr_reg>.
    Summary:
	inferred   1 ROM(s).
	inferred  11 D-type flip-flop(s).
Unit <font_rom> synthesized.


Synthesizing Unit <ps2_rx>.
    Related source file is "D:/EletronicaProgravavel/Projecto_BOX/EletronicaProgramavel/two_players/ps2_rx.vhd".
WARNING:Xst:646 - Signal <b_reg<0>> is assigned but never used. This unconnected signal will be trimmed during the optimization process.
    Found finite state machine <FSM_0> for signal <state_reg>.
    -----------------------------------------------------------------------
    | States             | 3                                              |
    | Transitions        | 6                                              |
    | Inputs             | 2                                              |
    | Outputs            | 3                                              |
    | Clock              | clk                       (rising_edge)        |
    | Reset              | reset                     (positive)           |
    | Reset type         | asynchronous                                   |
    | Reset State        | idle                                           |
    | Power Up State     | idle                                           |
    | Encoding           | automatic                                      |
    | Implementation     | LUT                                            |
    -----------------------------------------------------------------------
    Found 11-bit register for signal <b_reg>.
    Found 1-bit register for signal <f_ps2c_reg>.
    Found 8-bit register for signal <filter_reg>.
    Found 4-bit register for signal <n_reg>.
    Found 4-bit subtractor for signal <n_reg$addsub0000> created at line 82.
    Summary:
	inferred   1 Finite State Machine(s).
	inferred  24 D-type flip-flop(s).
	inferred   1 Adder/Subtractor(s).
Unit <ps2_rx> synthesized.


Synthesizing Unit <clockmanager>.
    Related source file is "D:/EletronicaProgravavel/pong_game_basys2/pong_game_basys2/ClockManager.vhd".
Unit <clockmanager> synthesized.


Synthesizing Unit <pong_text>.
    Related source file is "D:/EletronicaProgravavel/pong_game_basys2/pong_game_basys2/list_ch13_06_pong_text.vhd".
    Found 64x7-bit ROM for signal <char_addr_r$rom0000> created at line 229.
    Found 16x7-bit ROM for signal <char_addr_o>.
    Found 1-bit 8-to-1 multiplexer for signal <font_bit>.
    Found 4-bit comparator greatequal for signal <logo_on$cmp_le0000> created at line 197.
    Found 4-bit comparator lessequal for signal <logo_on$cmp_le0001> created at line 197.
    Found 5-bit comparator greatequal for signal <over_on$cmp_le0000> created at line 235.
    Found 5-bit comparator lessequal for signal <over_on$cmp_le0001> created at line 235.
    Found 6-bit comparator less for signal <score_on$cmp_lt0000> created at line 137.
    Summary:
	inferred   2 ROM(s).
	inferred   5 Comparator(s).
	inferred   1 Multiplexer(s).
Unit <pong_text> synthesized.


Synthesizing Unit <kb_code>.
    Related source file is "D:/EletronicaProgravavel/Projecto_BOX/EletronicaProgramavel/two_players/kb_code.vhd".
WARNING:Xst:737 - Found 4-bit latch for signal <key_code>. Latches may be generated from incomplete case or if statements. We do not recommend the use of latches in FPGA/CPLD designs, as they may lead to timing problems.
    Found 1-bit register for signal <state_reg<0>>.
    Summary:
	inferred   1 D-type flip-flop(s).
Unit <kb_code> synthesized.


Synthesizing Unit <pong_top>.
    Related source file is "D:/EletronicaProgravavel/pong_game_basys2/pong_game_basys2/list_ch13_10_pong_top.vhd".
    Found finite state machine <FSM_1> for signal <state_reg>.
    -----------------------------------------------------------------------
    | States             | 4                                              |
    | Transitions        | 11                                             |
    | Inputs             | 5                                              |
    | Outputs            | 5                                              |
    | Clock              | clk                       (rising_edge)        |
    | Reset              | reset                     (positive)           |
    | Reset type         | asynchronous                                   |
    | Reset State        | newgame                                        |
    | Power Up State     | newgame                                        |
    | Encoding           | automatic                                      |
    | Implementation     | LUT                                            |
    -----------------------------------------------------------------------
    Found 2-bit register for signal <ball_reg>.
    Found 2-bit subtractor for signal <ball_reg$share0000> created at line 122.
    Found 3-bit register for signal <rgb_reg>.
    Summary:
	inferred   1 Finite State Machine(s).
	inferred   5 D-type flip-flop(s).
	inferred   1 Adder/Subtractor(s).
Unit <pong_top> synthesized.

INFO:Xst:1767 - HDL ADVISOR - Resource sharing has identified that some arithmetic operations in this design can share the same physical resources for reduced device utilization. For improved clock frequency you may try to disable resource sharing.

=========================================================================
HDL Synthesis Report

Macro Statistics
# ROMs                                                 : 10
 16x30-bit ROM                                         : 4
 16x7-bit ROM                                          : 1
 2048x8-bit ROM                                        : 1
 32x21-bit ROM                                         : 1
 32x24-bit ROM                                         : 1
 64x7-bit ROM                                          : 1
 8x8-bit ROM                                           : 1
# Adders/Subtractors                                   : 53
 10-bit adder                                          : 19
 10-bit addsub                                         : 4
 10-bit subtractor                                     : 16
 2-bit subtractor                                      : 1
 3-bit subtractor                                      : 2
 4-bit adder                                           : 2
 4-bit subtractor                                      : 7
 5-bit subtractor                                      : 2
# Counters                                             : 4
 10-bit up counter                                     : 2
 10-bit updown counter                                 : 1
 7-bit down counter                                    : 1
# Registers                                            : 21
 1-bit register                                        : 5
 10-bit register                                       : 8
 11-bit register                                       : 2
 2-bit register                                        : 1
 3-bit register                                        : 1
 4-bit register                                        : 3
 8-bit register                                        : 1
# Latches                                              : 1
 4-bit latch                                           : 1
# Comparators                                          : 75
 10-bit comparator greatequal                          : 13
 10-bit comparator greater                             : 6
 10-bit comparator less                                : 5
 10-bit comparator lessequal                           : 46
 4-bit comparator greatequal                           : 1
 4-bit comparator lessequal                            : 1
 5-bit comparator greatequal                           : 1
 5-bit comparator lessequal                            : 1
 6-bit comparator less                                 : 1
# Multiplexers                                         : 8
 1-bit 8-to-1 multiplexer                              : 2
 3-bit 16-to-1 multiplexer                             : 6

=========================================================================

=========================================================================
*                       Advanced HDL Synthesis                          *
=========================================================================

Analyzing FSM <FSM_1> for best encoding.
Optimizing FSM <state_reg/FSM> on signal <state_reg[1:2]> with sequential encoding.
---------------------
 State   | Encoding
---------------------
 newgame | 00
 play    | 01
 newball | 11
 over    | 10
---------------------
Analyzing FSM <FSM_0> for best encoding.
Optimizing FSM <kb_code_unit/ps2_rx_unit/state_reg/FSM> on signal <state_reg[1:2]> with gray encoding.
-------------------
 State | Encoding
-------------------
 idle  | 00
 dps   | 01
 load  | 11
-------------------
WARNING:Xst:1710 - FF/Latch <0> (without init value) has a constant value of 0 in block <ball_vy_reg>. This FF/Latch will be trimmed during the optimization process.
WARNING:Xst:1710 - FF/Latch <0> (without init value) has a constant value of 0 in block <ball_vx_reg>. This FF/Latch will be trimmed during the optimization process.
WARNING:Xst:2677 - Node <b_reg_0> of sequential type is unconnected in block <ps2_rx_unit>.

Synthesizing (advanced) Unit <font_rom>.
INFO:Xst:3044 - The ROM <Mrom_data_rom0000> will be implemented as a read-only BLOCK RAM, absorbing the register: <addr_reg>.
INFO:Xst:3225 - The RAM <Mrom_data_rom0000> will be implemented as BLOCK RAM
    -----------------------------------------------------------------------
    | ram_type           | Block                               |          |
    -----------------------------------------------------------------------
    | Port A                                                              |
    |     aspect ratio   | 2048-word x 8-bit                   |          |
    |     mode           | write-first                         |          |
    |     clkA           | connected to signal <clk>           | rise     |
    |     weA            | connected to internal node          | high     |
    |     addrA          | connected to signal <addr>          |          |
    |     diA            | connected to internal node          |          |
    |     doA            | connected to signal <data>          |          |
    -----------------------------------------------------------------------
    | optimization       | speed                               |          |
    -----------------------------------------------------------------------
Unit <font_rom> synthesized (advanced).
WARNING:Xst:2677 - Node <b_reg_0> of sequential type is unconnected in block <ps2_rx>.

=========================================================================
Advanced HDL Synthesis Report

Macro Statistics
# FSMs                                                 : 2
# RAMs                                                 : 1
 2048x8-bit single-port block RAM                      : 1
# ROMs                                                 : 9
 16x30-bit ROM                                         : 4
 16x7-bit ROM                                          : 1
 32x21-bit ROM                                         : 1
 32x24-bit ROM                                         : 1
 64x7-bit ROM                                          : 1
 8x8-bit ROM                                           : 1
# Adders/Subtractors                                   : 53
 10-bit adder                                          : 19
 10-bit addsub                                         : 4
 10-bit subtractor                                     : 16
 2-bit subtractor                                      : 1
 3-bit subtractor                                      : 2
 4-bit adder                                           : 2
 4-bit subtractor                                      : 7
 5-bit subtractor                                      : 2
# Counters                                             : 4
 10-bit up counter                                     : 2
 10-bit updown counter                                 : 1
 7-bit down counter                                    : 1
# Registers                                            : 120
 Flip-Flops                                            : 120
# Latches                                              : 1
 4-bit latch                                           : 1
# Comparators                                          : 75
 10-bit comparator greatequal                          : 13
 10-bit comparator greater                             : 6
 10-bit comparator less                                : 5
 10-bit comparator lessequal                           : 46
 4-bit comparator greatequal                           : 1
 4-bit comparator lessequal                            : 1
 5-bit comparator greatequal                           : 1
 5-bit comparator lessequal                            : 1
 6-bit comparator less                                 : 1
# Multiplexers                                         : 8
 1-bit 8-to-1 multiplexer                              : 2
 3-bit 16-to-1 multiplexer                             : 6

=========================================================================

=========================================================================
*                         Low Level Synthesis                           *
=========================================================================
INFO:Xst:2261 - The FF/Latch <3> in Unit <LPM_DFF_6> is equivalent to the following 6 FFs/Latches, which will be removed : <4> <7> <5> <6> <8> <9> 
INFO:Xst:2261 - The FF/Latch <3> in Unit <LPM_DFF_3> is equivalent to the following 6 FFs/Latches, which will be removed : <4> <7> <5> <6> <8> <9> 
WARNING:Xst:1710 - FF/Latch <0> (without init value) has a constant value of 0 in block <LPM_DFF_6>. This FF/Latch will be trimmed during the optimization process.
WARNING:Xst:1710 - FF/Latch <0> (without init value) has a constant value of 0 in block <LPM_DFF_3>. This FF/Latch will be trimmed during the optimization process.

Optimizing unit <pong_top> ...

Optimizing unit <vga_sync> ...

Optimizing unit <m100_counter> ...

Optimizing unit <ps2_rx> ...

Optimizing unit <pong_graph> ...

Optimizing unit <pong_text> ...

Optimizing unit <kb_code> ...

Mapping all equations...
Building and optimizing final netlist ...
Found area constraint ratio of 100 (+ 5) on block pong_top, actual ratio is 82.
FlipFlop graph_unit/player2_y_reg_0 has been replicated 1 time(s)
FlipFlop vga_sync_unit/v_count_reg_0 has been replicated 1 time(s)
FlipFlop vga_sync_unit/v_count_reg_1 has been replicated 1 time(s)
FlipFlop vga_sync_unit/v_count_reg_2 has been replicated 1 time(s)
FlipFlop vga_sync_unit/v_count_reg_3 has been replicated 1 time(s)

Final Macro Processing ...

=========================================================================
Final Register Report

Macro Statistics
# Registers                                            : 152
 Flip-Flops                                            : 152

=========================================================================

=========================================================================
*                           Partition Report                            *
=========================================================================

Partition Implementation Status
-------------------------------

  No Partitions were found in this design.

-------------------------------

=========================================================================
*                            Final Report                               *
=========================================================================
Final Results
RTL Top Level Output File Name     : pong_top.ngr
Top Level Output File Name         : pong_top
Output Format                      : NGC
Optimization Goal                  : Speed
Keep Hierarchy                     : No

Design Statistics
# IOs                              : 20

Cell Usage :
# BELS                             : 2277
#      GND                         : 1
#      INV                         : 67
#      LUT1                        : 48
#      LUT2                        : 404
#      LUT2_D                      : 3
#      LUT2_L                      : 7
#      LUT3                        : 187
#      LUT3_D                      : 13
#      LUT3_L                      : 6
#      LUT4                        : 555
#      LUT4_D                      : 39
#      LUT4_L                      : 36
#      MULT_AND                    : 9
#      MUXCY                       : 509
#      MUXF5                       : 121
#      MUXF6                       : 21
#      VCC                         : 1
#      XORCY                       : 250
# FlipFlops/Latches                : 156
#      FDC                         : 33
#      FDCE                        : 110
#      FDPE                        : 9
#      LDE                         : 4
# RAMS                             : 1
#      RAMB16_S9                   : 1
# Clock Buffers                    : 2
#      BUFG                        : 2
# IO Buffers                       : 20
#      IBUF                        : 5
#      IBUFG                       : 1
#      OBUF                        : 14
# DCMs                             : 1
#      DCM_SP                      : 1
=========================================================================

Device utilization summary:
---------------------------

Selected Device : 3s100ecp132-5 

 Number of Slices:                      720  out of    960    75%  
 Number of Slice Flip Flops:            156  out of   1920     8%  
 Number of 4 input LUTs:               1365  out of   1920    71%  
 Number of IOs:                          20
 Number of bonded IOBs:                  20  out of     83    24%  
 Number of BRAMs:                         1  out of      4    25%  
 Number of GCLKs:                         2  out of     24     8%  
 Number of DCMs:                          1  out of      2    50%  

---------------------------
Partition Resource Summary:
---------------------------

  No Partitions were found in this design.

---------------------------


=========================================================================
TIMING REPORT

NOTE: THESE TIMING NUMBERS ARE ONLY A SYNTHESIS ESTIMATE.
      FOR ACCURATE TIMING INFORMATION PLEASE REFER TO THE TRACE REPORT
      GENERATED AFTER PLACE-and-ROUTE.

Clock Information:
------------------
-----------------------------------+------------------------------------+-------+
Clock Signal                       | Clock buffer(FF name)              | Load  |
-----------------------------------+------------------------------------+-------+
clock                              | ClockManager_unit/DCM_SP_INST:CLK2X| 153   |
kb_code_unit/state_reg_0           | NONE(kb_code_unit/key_code_3)      | 4     |
-----------------------------------+------------------------------------+-------+
INFO:Xst:2169 - HDL ADVISOR - Some clock signals were not automatically buffered by XST with BUFG/BUFR resources. Please use the buffer_type constraint in order to insert these buffers to the clock signals to help prevent skew problems.

Asynchronous Control Signals Information:
----------------------------------------
-----------------------------------+------------------------+-------+
Control Signal                     | Buffer(FF name)        | Load  |
-----------------------------------+------------------------+-------+
reset                              | IBUF                   | 152   |
-----------------------------------+------------------------+-------+

Timing Summary:
---------------
Speed Grade: -5

   Minimum period: 27.889ns (Maximum Frequency: 35.857MHz)
   Minimum input arrival time before clock: 5.224ns
   Maximum output required time after clock: 4.182ns
   Maximum combinational path delay: No path found

Timing Detail:
--------------
All values displayed in nanoseconds (ns)

=========================================================================
Timing constraint: Default period analysis for Clock 'clock'
  Clock period: 27.889ns (frequency: 35.857MHz)
  Total number of paths / destination ports: 145083 / 279
-------------------------------------------------------------------------
Delay:               13.944ns (Levels of Logic = 14)
  Source:            graph_unit/player2_y_reg_1 (FF)
  Destination:       rgb_reg_2 (FF)
  Source Clock:      clock rising 2.0X
  Destination Clock: clock rising 2.0X

  Data Path: graph_unit/player2_y_reg_1 to rgb_reg_2
                                Gate     Net
    Cell:in->out      fanout   Delay   Delay  Logical Name (Net Name)
    ----------------------------------------  ------------
     FDCE:C->Q            18   0.514   1.060  graph_unit/player2_y_reg_1 (graph_unit/player2_y_reg_1)
     LUT4:I0->O            1   0.612   0.360  graph_unit/Msub_Glove_P2L_rom_addr_xor<3>11_SW0 (N339)
     LUT4:I3->O           35   0.612   1.077  graph_unit/Msub_Glove_P2L_rom_addr_xor<3>11 (graph_unit/Glove_P2L_rom_addr<3>)
     LUT4:I3->O            4   0.612   0.502  graph_unit/Mrom_Glove_P2L_rom_addr_rom0000311 (graph_unit/Mmux_Glove_P2L_rom_bit_101)
     LUT4:I3->O            1   0.612   0.000  graph_unit/Mmux_Glove_P2L_rom_bit_7_f51 (graph_unit/Mmux_Glove_P2L_rom_bit_7_f53)
     MUXF5:I0->O           1   0.278   0.000  graph_unit/Mmux_Glove_P2L_rom_bit_7_f5 (graph_unit/Mmux_Glove_P2L_rom_bit_7_f5)
     MUXF6:I1->O           2   0.451   0.532  graph_unit/Mmux_Glove_P2L_rom_bit_6_f6 (graph_unit/Mmux_Glove_P2L_rom_bit_6_f6)
     LUT4:I0->O            1   0.612   0.000  graph_unit/_not0004<3>3_G (N620)
     MUXF5:I1->O           5   0.278   0.607  graph_unit/_not0004<3>3 (graph_unit/Glove_P2L_rom_bit<0>)
     LUT4:I1->O            1   0.612   0.360  graph_unit/rgb_and00051_SW1 (N206)
     LUT4_L:I3->LO         1   0.612   0.103  rgb_next<2>26 (rgb_next<2>26)
     LUT4:I3->O            1   0.612   0.360  rgb_next<2>51 (rgb_next<2>51)
     LUT4_L:I3->LO         1   0.612   0.103  rgb_next<2>93 (rgb_next<2>93)
     LUT4:I3->O            1   0.612   0.360  rgb_next<2>142 (rgb_next<2>142)
     LUT4:I3->O            1   0.612   0.000  rgb_next<2>242 (rgb_next<2>)
     FDCE:D                    0.268          rgb_reg_2
    ----------------------------------------
    Total                     13.944ns (8.521ns logic, 5.423ns route)
                                       (61.1% logic, 38.9% route)

=========================================================================
Timing constraint: Default OFFSET IN BEFORE for Clock 'clock'
  Total number of paths / destination ports: 20 / 16
-------------------------------------------------------------------------
Offset:              5.224ns (Levels of Logic = 4)
  Source:            btn<0> (PAD)
  Destination:       graph_unit/bar_y_reg_9 (FF)
  Destination Clock: clock rising 2.0X

  Data Path: btn<0> to graph_unit/bar_y_reg_9
                                Gate     Net
    Cell:in->out      fanout   Delay   Delay  Logical Name (Net Name)
    ----------------------------------------  ------------
     IBUF:I->O             3   1.106   0.520  btn_0_IBUF (btn_0_IBUF)
     LUT3:I1->O            1   0.612   0.360  graph_unit/bar_y_reg_not000122 (graph_unit/bar_y_reg_not000122)
     LUT4_L:I3->LO         1   0.612   0.169  graph_unit/bar_y_reg_not000142 (graph_unit/bar_y_reg_not000142)
     LUT4:I1->O           10   0.612   0.750  graph_unit/bar_y_reg_not000165 (graph_unit/bar_y_reg_not0001)
     FDCE:CE                   0.483          graph_unit/bar_y_reg_0
    ----------------------------------------
    Total                      5.224ns (3.425ns logic, 1.799ns route)
                                       (65.6% logic, 34.4% route)

=========================================================================
Timing constraint: Default OFFSET OUT AFTER for Clock 'clock'
  Total number of paths / destination ports: 13 / 13
-------------------------------------------------------------------------
Offset:              4.182ns (Levels of Logic = 1)
  Source:            rgb_reg_1 (FF)
  Destination:       outgreen<2> (PAD)
  Source Clock:      clock rising 2.0X

  Data Path: rgb_reg_1 to outgreen<2>
                                Gate     Net
    Cell:in->out      fanout   Delay   Delay  Logical Name (Net Name)
    ----------------------------------------  ------------
     FDCE:C->Q             4   0.514   0.499  rgb_reg_1 (rgb_reg_1)
     OBUF:I->O                 3.169          outgreen_2_OBUF (outgreen<2>)
    ----------------------------------------
    Total                      4.182ns (3.683ns logic, 0.499ns route)
                                       (88.1% logic, 11.9% route)

=========================================================================


Total REAL time to Xst completion: 14.00 secs
Total CPU time to Xst completion: 14.17 secs
 
--> 

Total memory usage is 4569736 kilobytes

Number of errors   :    0 (   0 filtered)
Number of warnings :   42 (   0 filtered)
Number of infos    :    6 (   0 filtered)

